<?xml version="1.0" encoding="UTF-8"?>
<!-- Generated by org.testng.reporters.JUnitXMLReporter -->
<testsuite hostname="Aleph-0LVDCs-MacBook-Pro.local" ignored="0" name="Pest Automation" tests="1" failures="1" timestamp="2024-04-04T22:36:45 WIB" time="29.41" errors="0">
  <testcase name="feature" time="28.435" classname="runners.TestNGRunner">
    <failure type="cucumber.runtime.CucumberException" message="java.lang.AssertionError:  did not expect to find [true] but found [false]">
      <![CDATA[cucumber.runtime.CucumberException: java.lang.AssertionError:  did not expect to find [true] but found [false]
at cucumber.api.testng.TestNGCucumberRunner.runCucumber(TestNGCucumberRunner.java:69)
at runners.TestNGRunner.feature(TestNGRunner.java:48)
at java.util.ArrayList.forEach(ArrayList.java:1259)
at java.util.concurrent.FutureTask.run(FutureTask.java:266)
at java.util.concurrent.ThreadPoolExecutor.runWorker(ThreadPoolExecutor.java:1149)
at java.util.concurrent.ThreadPoolExecutor$Worker.run(ThreadPoolExecutor.java:624)
at java.lang.Thread.run(Thread.java:750)
Caused by: java.lang.AssertionError:  did not expect to find [true] but found [false]
at pages.SIgninpage.userOnLoginDashboard(SIgninpage.java:30)
at steps.Signin_stepDef.userOnLoginDashboard(Signin_stepDef.java:24)
at âœ½.Given user on login dashboard(MyProfile.feature:5)
... Removed 21 stack frames]]>
    </failure>
  </testcase> <!-- feature -->
</testsuite> <!-- Pest Automation -->
