<?xml version="1.0" encoding="UTF-8"?>
<testsuite xmlns:xsi="http://www.w3.org/2001/XMLSchema-instance" xsi:noNamespaceSchemaLocation="https://maven.apache.org/surefire/maven-surefire-plugin/xsd/surefire-test-report.xsd" name="TestSuite" time="30" tests="1" errors="0" skipped="0" failures="1">
  <properties>
    <property name="gopherProxySet" value="false"/>
    <property name="awt.toolkit" value="sun.lwawt.macosx.LWCToolkit"/>
    <property name="file.encoding.pkg" value="sun.io"/>
    <property name="java.specification.version" value="1.8"/>
    <property name="sun.cpu.isalist" value=""/>
    <property name="sun.jnu.encoding" value="UTF-8"/>
    <property name="java.class.path" value="/Users/aleph/IdeaProjects/Prodia_Automation_1.6.0/target/test-classes:/Users/aleph/IdeaProjects/Prodia_Automation_1.6.0/target/classes:/Users/aleph/.m2/repository/org/testng/testng/7.0.0/testng-7.0.0.jar:/Users/aleph/.m2/repository/com/beust/jcommander/1.72/jcommander-1.72.jar:/Users/aleph/.m2/repository/io/appium/java-client/7.6.0/java-client-7.6.0.jar:/Users/aleph/.m2/repository/org/seleniumhq/selenium/selenium-support/3.141.59/selenium-support-3.141.59.jar:/Users/aleph/.m2/repository/org/seleniumhq/selenium/selenium-api/3.141.59/selenium-api-3.141.59.jar:/Users/aleph/.m2/repository/com/google/code/gson/gson/2.8.8/gson-2.8.8.jar:/Users/aleph/.m2/repository/org/apache/httpcomponents/httpclient/4.5.13/httpclient-4.5.13.jar:/Users/aleph/.m2/repository/org/apache/httpcomponents/httpcore/4.4.13/httpcore-4.4.13.jar:/Users/aleph/.m2/repository/commons-logging/commons-logging/1.2/commons-logging-1.2.jar:/Users/aleph/.m2/repository/commons-codec/commons-codec/1.11/commons-codec-1.11.jar:/Users/aleph/.m2/repository/cglib/cglib/3.3.0/cglib-3.3.0.jar:/Users/aleph/.m2/repository/org/ow2/asm/asm/7.1/asm-7.1.jar:/Users/aleph/.m2/repository/commons-validator/commons-validator/1.7/commons-validator-1.7.jar:/Users/aleph/.m2/repository/commons-beanutils/commons-beanutils/1.9.4/commons-beanutils-1.9.4.jar:/Users/aleph/.m2/repository/commons-digester/commons-digester/2.1/commons-digester-2.1.jar:/Users/aleph/.m2/repository/commons-collections/commons-collections/3.2.2/commons-collections-3.2.2.jar:/Users/aleph/.m2/repository/org/apache/commons/commons-lang3/3.12.0/commons-lang3-3.12.0.jar:/Users/aleph/.m2/repository/org/springframework/spring-context/5.3.10/spring-context-5.3.10.jar:/Users/aleph/.m2/repository/org/springframework/spring-aop/5.3.10/spring-aop-5.3.10.jar:/Users/aleph/.m2/repository/org/springframework/spring-beans/5.3.10/spring-beans-5.3.10.jar:/Users/aleph/.m2/repository/org/springframework/spring-core/5.3.10/spring-core-5.3.10.jar:/Users/aleph/.m2/repository/org/springframework/spring-jcl/5.3.10/spring-jcl-5.3.10.jar:/Users/aleph/.m2/repository/org/springframework/spring-expression/5.3.10/spring-expression-5.3.10.jar:/Users/aleph/.m2/repository/org/aspectj/aspectjweaver/1.9.7/aspectjweaver-1.9.7.jar:/Users/aleph/.m2/repository/org/slf4j/slf4j-api/1.7.32/slf4j-api-1.7.32.jar:/Users/aleph/.m2/repository/org/seleniumhq/selenium/selenium-java/3.141.59/selenium-java-3.141.59.jar:/Users/aleph/.m2/repository/org/seleniumhq/selenium/selenium-chrome-driver/3.141.59/selenium-chrome-driver-3.141.59.jar:/Users/aleph/.m2/repository/org/seleniumhq/selenium/selenium-edge-driver/3.141.59/selenium-edge-driver-3.141.59.jar:/Users/aleph/.m2/repository/org/seleniumhq/selenium/selenium-firefox-driver/3.141.59/selenium-firefox-driver-3.141.59.jar:/Users/aleph/.m2/repository/org/seleniumhq/selenium/selenium-ie-driver/3.141.59/selenium-ie-driver-3.141.59.jar:/Users/aleph/.m2/repository/org/seleniumhq/selenium/selenium-opera-driver/3.141.59/selenium-opera-driver-3.141.59.jar:/Users/aleph/.m2/repository/org/seleniumhq/selenium/selenium-remote-driver/3.141.59/selenium-remote-driver-3.141.59.jar:/Users/aleph/.m2/repository/org/seleniumhq/selenium/selenium-safari-driver/3.141.59/selenium-safari-driver-3.141.59.jar:/Users/aleph/.m2/repository/net/bytebuddy/byte-buddy/1.8.15/byte-buddy-1.8.15.jar:/Users/aleph/.m2/repository/org/apache/commons/commons-exec/1.3/commons-exec-1.3.jar:/Users/aleph/.m2/repository/com/google/guava/guava/25.0-jre/guava-25.0-jre.jar:/Users/aleph/.m2/repository/com/google/code/findbugs/jsr305/1.3.9/jsr305-1.3.9.jar:/Users/aleph/.m2/repository/org/checkerframework/checker-compat-qual/2.0.0/checker-compat-qual-2.0.0.jar:/Users/aleph/.m2/repository/com/google/errorprone/error_prone_annotations/2.1.3/error_prone_annotations-2.1.3.jar:/Users/aleph/.m2/repository/com/google/j2objc/j2objc-annotations/1.1/j2objc-annotations-1.1.jar:/Users/aleph/.m2/repository/org/codehaus/mojo/animal-sniffer-annotations/1.14/animal-sniffer-annotations-1.14.jar:/Users/aleph/.m2/repository/com/squareup/okhttp3/okhttp/3.11.0/okhttp-3.11.0.jar:/Users/aleph/.m2/repository/com/squareup/okio/okio/1.14.0/okio-1.14.0.jar:/Users/aleph/.m2/repository/info/cukes/cucumber-java/1.2.5/cucumber-java-1.2.5.jar:/Users/aleph/.m2/repository/info/cukes/cucumber-core/1.2.5/cucumber-core-1.2.5.jar:/Users/aleph/.m2/repository/info/cukes/cucumber-html/0.2.3/cucumber-html-0.2.3.jar:/Users/aleph/.m2/repository/info/cukes/gherkin/2.12.2/gherkin-2.12.2.jar:/Users/aleph/.m2/repository/info/cukes/cucumber-jvm-deps/1.0.5/cucumber-jvm-deps-1.0.5.jar:/Users/aleph/.m2/repository/info/cukes/cucumber-testng/1.2.5/cucumber-testng-1.2.5.jar:/Users/aleph/.m2/repository/net/masterthought/cucumber-reporting/3.8.0/cucumber-reporting-3.8.0.jar:/Users/aleph/.m2/repository/org/apache/logging/log4j/log4j-api/2.6/log4j-api-2.6.jar:/Users/aleph/.m2/repository/org/apache/logging/log4j/log4j-core/2.6/log4j-core-2.6.jar:/Users/aleph/.m2/repository/com/fasterxml/jackson/core/jackson-databind/2.8.5/jackson-databind-2.8.5.jar:/Users/aleph/.m2/repository/com/fasterxml/jackson/core/jackson-annotations/2.8.0/jackson-annotations-2.8.0.jar:/Users/aleph/.m2/repository/com/fasterxml/jackson/core/jackson-core/2.8.5/jackson-core-2.8.5.jar:/Users/aleph/.m2/repository/org/apache/velocity/velocity/1.7/velocity-1.7.jar:/Users/aleph/.m2/repository/commons-lang/commons-lang/2.4/commons-lang-2.4.jar:/Users/aleph/.m2/repository/velocity-tools/velocity-tools/1.4/velocity-tools-1.4.jar:/Users/aleph/.m2/repository/joda-time/joda-time/2.9.6/joda-time-2.9.6.jar:/Users/aleph/.m2/repository/net/lingala/zip4j/zip4j/1.3.2/zip4j-1.3.2.jar:/Users/aleph/.m2/repository/org/codehaus/plexus/plexus-utils/3.0.24/plexus-utils-3.0.24.jar:/Users/aleph/.m2/repository/org/jsoup/jsoup/1.10.1/jsoup-1.10.1.jar:/Users/aleph/.m2/repository/com/googlecode/owasp-java-html-sanitizer/owasp-java-html-sanitizer/20160924.1/owasp-java-html-sanitizer-20160924.1.jar:/Users/aleph/.m2/repository/com/codoid/products/fillo/1.21/fillo-1.21.jar:/Users/aleph/.m2/repository/com/vimalselvam/cucumber-extentsreport/3.0.2/cucumber-extentsreport-3.0.2.jar:/Users/aleph/.m2/repository/com/aventstack/extentreports/3.1.2/extentreports-3.1.2.jar:/Users/aleph/.m2/repository/org/freemarker/freemarker/2.3.23/freemarker-2.3.23.jar:/Users/aleph/.m2/repository/org/mongodb/mongodb-driver/3.3.0/mongodb-driver-3.3.0.jar:/Users/aleph/.m2/repository/org/mongodb/bson/3.3.0/bson-3.3.0.jar:/Users/aleph/.m2/repository/org/mongodb/mongodb-driver-core/3.3.0/mongodb-driver-core-3.3.0.jar:/Users/aleph/.m2/repository/org/apache/httpcomponents/httpmime/4.5.2/httpmime-4.5.2.jar:/Users/aleph/.m2/repository/io/rest-assured/rest-assured/4.2.0/rest-assured-4.2.0.jar:/Users/aleph/.m2/repository/org/codehaus/groovy/groovy/2.5.8/groovy-2.5.8.jar:/Users/aleph/.m2/repository/org/codehaus/groovy/groovy-xml/2.5.8/groovy-xml-2.5.8.jar:/Users/aleph/.m2/repository/org/hamcrest/hamcrest/2.1/hamcrest-2.1.jar:/Users/aleph/.m2/repository/org/ccil/cowan/tagsoup/tagsoup/1.2.1/tagsoup-1.2.1.jar:/Users/aleph/.m2/repository/commons-io/commons-io/2.11.0/commons-io-2.11.0.jar:/Users/aleph/.m2/repository/io/rest-assured/json-path/4.2.0/json-path-4.2.0.jar:/Users/aleph/.m2/repository/org/codehaus/groovy/groovy-json/2.5.8/groovy-json-2.5.8.jar:/Users/aleph/.m2/repository/io/rest-assured/rest-assured-common/4.2.0/rest-assured-common-4.2.0.jar:/Users/aleph/.m2/repository/io/rest-assured/xml-path/4.2.0/xml-path-4.2.0.jar:/Users/aleph/.m2/repository/jakarta/xml/bind/jakarta.xml.bind-api/2.3.2/jakarta.xml.bind-api-2.3.2.jar:/Users/aleph/.m2/repository/jakarta/activation/jakarta.activation-api/1.2.1/jakarta.activation-api-1.2.1.jar:/Users/aleph/.m2/repository/com/sun/xml/bind/jaxb-osgi/2.3.0.1/jaxb-osgi-2.3.0.1.jar:/Users/aleph/.m2/repository/org/apache/sling/org.apache.sling.javax.activation/0.1.0/org.apache.sling.javax.activation-0.1.0.jar:/Users/aleph/.m2/repository/javax/activation/activation/1.1.1/activation-1.1.1.jar:/Users/aleph/.m2/repository/io/rest-assured/json-schema-validator/4.2.0/json-schema-validator-4.2.0.jar:/Users/aleph/.m2/repository/com/github/java-json-tools/json-schema-validator/2.2.10/json-schema-validator-2.2.10.jar:/Users/aleph/.m2/repository/com/github/java-json-tools/json-schema-core/1.2.10/json-schema-core-1.2.10.jar:/Users/aleph/.m2/repository/com/github/java-json-tools/jackson-coreutils/1.9/jackson-coreutils-1.9.jar:/Users/aleph/.m2/repository/com/github/fge/msg-simple/1.1/msg-simple-1.1.jar:/Users/aleph/.m2/repository/com/github/fge/btf/1.2/btf-1.2.jar:/Users/aleph/.m2/repository/com/github/fge/uri-template/0.9/uri-template-0.9.jar:/Users/aleph/.m2/repository/org/mozilla/rhino/1.7.7.1/rhino-1.7.7.1.jar:/Users/aleph/.m2/repository/javax/mail/mailapi/1.4.3/mailapi-1.4.3.jar:/Users/aleph/.m2/repository/com/googlecode/libphonenumber/libphonenumber/8.0.0/libphonenumber-8.0.0.jar:/Users/aleph/.m2/repository/net/sf/jopt-simple/jopt-simple/5.0.3/jopt-simple-5.0.3.jar:/Users/aleph/.m2/repository/org/apache/maven/surefire/surefire-testng-utils/2.21.0/surefire-testng-utils-2.21.0.jar:/Users/aleph/.m2/repository/org/apache/maven/surefire/surefire-grouper/2.21.0/surefire-grouper-2.21.0.jar:"/>
    <property name="java.vm.vendor" value="Amazon.com Inc."/>
    <property name="sun.arch.data.model" value="64"/>
    <property name="java.vendor.url" value="https://aws.amazon.com/corretto/"/>
    <property name="user.timezone" value=""/>
    <property name="java.vm.specification.version" value="1.8"/>
    <property name="os.name" value="Mac OS X"/>
    <property name="user.country" value="ID"/>
    <property name="sun.java.launcher" value="SUN_STANDARD"/>
    <property name="sun.boot.library.path" value="/Users/aleph/Library/Java/JavaVirtualMachines/corretto-1.8.0_402/Contents/Home/jre/lib"/>
    <property name="sun.java.command" value="/Users/aleph/IdeaProjects/Prodia_Automation_1.6.0/target/surefire/surefirebooter7357142669449829743.jar /Users/aleph/IdeaProjects/Prodia_Automation_1.6.0/target/surefire 2024-04-04T22-36-14_863-jvmRun1 surefire3672875379798936053tmp surefire_03102083202573413005tmp"/>
    <property name="http.nonProxyHosts" value="local|*.local|169.254/16|*.169.254/16"/>
    <property name="surefire.test.class.path" value="/Users/aleph/IdeaProjects/Prodia_Automation_1.6.0/target/test-classes:/Users/aleph/IdeaProjects/Prodia_Automation_1.6.0/target/classes:/Users/aleph/.m2/repository/org/testng/testng/7.0.0/testng-7.0.0.jar:/Users/aleph/.m2/repository/com/beust/jcommander/1.72/jcommander-1.72.jar:/Users/aleph/.m2/repository/io/appium/java-client/7.6.0/java-client-7.6.0.jar:/Users/aleph/.m2/repository/org/seleniumhq/selenium/selenium-support/3.141.59/selenium-support-3.141.59.jar:/Users/aleph/.m2/repository/org/seleniumhq/selenium/selenium-api/3.141.59/selenium-api-3.141.59.jar:/Users/aleph/.m2/repository/com/google/code/gson/gson/2.8.8/gson-2.8.8.jar:/Users/aleph/.m2/repository/org/apache/httpcomponents/httpclient/4.5.13/httpclient-4.5.13.jar:/Users/aleph/.m2/repository/org/apache/httpcomponents/httpcore/4.4.13/httpcore-4.4.13.jar:/Users/aleph/.m2/repository/commons-logging/commons-logging/1.2/commons-logging-1.2.jar:/Users/aleph/.m2/repository/commons-codec/commons-codec/1.11/commons-codec-1.11.jar:/Users/aleph/.m2/repository/cglib/cglib/3.3.0/cglib-3.3.0.jar:/Users/aleph/.m2/repository/org/ow2/asm/asm/7.1/asm-7.1.jar:/Users/aleph/.m2/repository/commons-validator/commons-validator/1.7/commons-validator-1.7.jar:/Users/aleph/.m2/repository/commons-beanutils/commons-beanutils/1.9.4/commons-beanutils-1.9.4.jar:/Users/aleph/.m2/repository/commons-digester/commons-digester/2.1/commons-digester-2.1.jar:/Users/aleph/.m2/repository/commons-collections/commons-collections/3.2.2/commons-collections-3.2.2.jar:/Users/aleph/.m2/repository/org/apache/commons/commons-lang3/3.12.0/commons-lang3-3.12.0.jar:/Users/aleph/.m2/repository/org/springframework/spring-context/5.3.10/spring-context-5.3.10.jar:/Users/aleph/.m2/repository/org/springframework/spring-aop/5.3.10/spring-aop-5.3.10.jar:/Users/aleph/.m2/repository/org/springframework/spring-beans/5.3.10/spring-beans-5.3.10.jar:/Users/aleph/.m2/repository/org/springframework/spring-core/5.3.10/spring-core-5.3.10.jar:/Users/aleph/.m2/repository/org/springframework/spring-jcl/5.3.10/spring-jcl-5.3.10.jar:/Users/aleph/.m2/repository/org/springframework/spring-expression/5.3.10/spring-expression-5.3.10.jar:/Users/aleph/.m2/repository/org/aspectj/aspectjweaver/1.9.7/aspectjweaver-1.9.7.jar:/Users/aleph/.m2/repository/org/slf4j/slf4j-api/1.7.32/slf4j-api-1.7.32.jar:/Users/aleph/.m2/repository/org/seleniumhq/selenium/selenium-java/3.141.59/selenium-java-3.141.59.jar:/Users/aleph/.m2/repository/org/seleniumhq/selenium/selenium-chrome-driver/3.141.59/selenium-chrome-driver-3.141.59.jar:/Users/aleph/.m2/repository/org/seleniumhq/selenium/selenium-edge-driver/3.141.59/selenium-edge-driver-3.141.59.jar:/Users/aleph/.m2/repository/org/seleniumhq/selenium/selenium-firefox-driver/3.141.59/selenium-firefox-driver-3.141.59.jar:/Users/aleph/.m2/repository/org/seleniumhq/selenium/selenium-ie-driver/3.141.59/selenium-ie-driver-3.141.59.jar:/Users/aleph/.m2/repository/org/seleniumhq/selenium/selenium-opera-driver/3.141.59/selenium-opera-driver-3.141.59.jar:/Users/aleph/.m2/repository/org/seleniumhq/selenium/selenium-remote-driver/3.141.59/selenium-remote-driver-3.141.59.jar:/Users/aleph/.m2/repository/org/seleniumhq/selenium/selenium-safari-driver/3.141.59/selenium-safari-driver-3.141.59.jar:/Users/aleph/.m2/repository/net/bytebuddy/byte-buddy/1.8.15/byte-buddy-1.8.15.jar:/Users/aleph/.m2/repository/org/apache/commons/commons-exec/1.3/commons-exec-1.3.jar:/Users/aleph/.m2/repository/com/google/guava/guava/25.0-jre/guava-25.0-jre.jar:/Users/aleph/.m2/repository/com/google/code/findbugs/jsr305/1.3.9/jsr305-1.3.9.jar:/Users/aleph/.m2/repository/org/checkerframework/checker-compat-qual/2.0.0/checker-compat-qual-2.0.0.jar:/Users/aleph/.m2/repository/com/google/errorprone/error_prone_annotations/2.1.3/error_prone_annotations-2.1.3.jar:/Users/aleph/.m2/repository/com/google/j2objc/j2objc-annotations/1.1/j2objc-annotations-1.1.jar:/Users/aleph/.m2/repository/org/codehaus/mojo/animal-sniffer-annotations/1.14/animal-sniffer-annotations-1.14.jar:/Users/aleph/.m2/repository/com/squareup/okhttp3/okhttp/3.11.0/okhttp-3.11.0.jar:/Users/aleph/.m2/repository/com/squareup/okio/okio/1.14.0/okio-1.14.0.jar:/Users/aleph/.m2/repository/info/cukes/cucumber-java/1.2.5/cucumber-java-1.2.5.jar:/Users/aleph/.m2/repository/info/cukes/cucumber-core/1.2.5/cucumber-core-1.2.5.jar:/Users/aleph/.m2/repository/info/cukes/cucumber-html/0.2.3/cucumber-html-0.2.3.jar:/Users/aleph/.m2/repository/info/cukes/gherkin/2.12.2/gherkin-2.12.2.jar:/Users/aleph/.m2/repository/info/cukes/cucumber-jvm-deps/1.0.5/cucumber-jvm-deps-1.0.5.jar:/Users/aleph/.m2/repository/info/cukes/cucumber-testng/1.2.5/cucumber-testng-1.2.5.jar:/Users/aleph/.m2/repository/net/masterthought/cucumber-reporting/3.8.0/cucumber-reporting-3.8.0.jar:/Users/aleph/.m2/repository/org/apache/logging/log4j/log4j-api/2.6/log4j-api-2.6.jar:/Users/aleph/.m2/repository/org/apache/logging/log4j/log4j-core/2.6/log4j-core-2.6.jar:/Users/aleph/.m2/repository/com/fasterxml/jackson/core/jackson-databind/2.8.5/jackson-databind-2.8.5.jar:/Users/aleph/.m2/repository/com/fasterxml/jackson/core/jackson-annotations/2.8.0/jackson-annotations-2.8.0.jar:/Users/aleph/.m2/repository/com/fasterxml/jackson/core/jackson-core/2.8.5/jackson-core-2.8.5.jar:/Users/aleph/.m2/repository/org/apache/velocity/velocity/1.7/velocity-1.7.jar:/Users/aleph/.m2/repository/commons-lang/commons-lang/2.4/commons-lang-2.4.jar:/Users/aleph/.m2/repository/velocity-tools/velocity-tools/1.4/velocity-tools-1.4.jar:/Users/aleph/.m2/repository/joda-time/joda-time/2.9.6/joda-time-2.9.6.jar:/Users/aleph/.m2/repository/net/lingala/zip4j/zip4j/1.3.2/zip4j-1.3.2.jar:/Users/aleph/.m2/repository/org/codehaus/plexus/plexus-utils/3.0.24/plexus-utils-3.0.24.jar:/Users/aleph/.m2/repository/org/jsoup/jsoup/1.10.1/jsoup-1.10.1.jar:/Users/aleph/.m2/repository/com/googlecode/owasp-java-html-sanitizer/owasp-java-html-sanitizer/20160924.1/owasp-java-html-sanitizer-20160924.1.jar:/Users/aleph/.m2/repository/com/codoid/products/fillo/1.21/fillo-1.21.jar:/Users/aleph/.m2/repository/com/vimalselvam/cucumber-extentsreport/3.0.2/cucumber-extentsreport-3.0.2.jar:/Users/aleph/.m2/repository/com/aventstack/extentreports/3.1.2/extentreports-3.1.2.jar:/Users/aleph/.m2/repository/org/freemarker/freemarker/2.3.23/freemarker-2.3.23.jar:/Users/aleph/.m2/repository/org/mongodb/mongodb-driver/3.3.0/mongodb-driver-3.3.0.jar:/Users/aleph/.m2/repository/org/mongodb/bson/3.3.0/bson-3.3.0.jar:/Users/aleph/.m2/repository/org/mongodb/mongodb-driver-core/3.3.0/mongodb-driver-core-3.3.0.jar:/Users/aleph/.m2/repository/org/apache/httpcomponents/httpmime/4.5.2/httpmime-4.5.2.jar:/Users/aleph/.m2/repository/io/rest-assured/rest-assured/4.2.0/rest-assured-4.2.0.jar:/Users/aleph/.m2/repository/org/codehaus/groovy/groovy/2.5.8/groovy-2.5.8.jar:/Users/aleph/.m2/repository/org/codehaus/groovy/groovy-xml/2.5.8/groovy-xml-2.5.8.jar:/Users/aleph/.m2/repository/org/hamcrest/hamcrest/2.1/hamcrest-2.1.jar:/Users/aleph/.m2/repository/org/ccil/cowan/tagsoup/tagsoup/1.2.1/tagsoup-1.2.1.jar:/Users/aleph/.m2/repository/commons-io/commons-io/2.11.0/commons-io-2.11.0.jar:/Users/aleph/.m2/repository/io/rest-assured/json-path/4.2.0/json-path-4.2.0.jar:/Users/aleph/.m2/repository/org/codehaus/groovy/groovy-json/2.5.8/groovy-json-2.5.8.jar:/Users/aleph/.m2/repository/io/rest-assured/rest-assured-common/4.2.0/rest-assured-common-4.2.0.jar:/Users/aleph/.m2/repository/io/rest-assured/xml-path/4.2.0/xml-path-4.2.0.jar:/Users/aleph/.m2/repository/jakarta/xml/bind/jakarta.xml.bind-api/2.3.2/jakarta.xml.bind-api-2.3.2.jar:/Users/aleph/.m2/repository/jakarta/activation/jakarta.activation-api/1.2.1/jakarta.activation-api-1.2.1.jar:/Users/aleph/.m2/repository/com/sun/xml/bind/jaxb-osgi/2.3.0.1/jaxb-osgi-2.3.0.1.jar:/Users/aleph/.m2/repository/org/apache/sling/org.apache.sling.javax.activation/0.1.0/org.apache.sling.javax.activation-0.1.0.jar:/Users/aleph/.m2/repository/javax/activation/activation/1.1.1/activation-1.1.1.jar:/Users/aleph/.m2/repository/io/rest-assured/json-schema-validator/4.2.0/json-schema-validator-4.2.0.jar:/Users/aleph/.m2/repository/com/github/java-json-tools/json-schema-validator/2.2.10/json-schema-validator-2.2.10.jar:/Users/aleph/.m2/repository/com/github/java-json-tools/json-schema-core/1.2.10/json-schema-core-1.2.10.jar:/Users/aleph/.m2/repository/com/github/java-json-tools/jackson-coreutils/1.9/jackson-coreutils-1.9.jar:/Users/aleph/.m2/repository/com/github/fge/msg-simple/1.1/msg-simple-1.1.jar:/Users/aleph/.m2/repository/com/github/fge/btf/1.2/btf-1.2.jar:/Users/aleph/.m2/repository/com/github/fge/uri-template/0.9/uri-template-0.9.jar:/Users/aleph/.m2/repository/org/mozilla/rhino/1.7.7.1/rhino-1.7.7.1.jar:/Users/aleph/.m2/repository/javax/mail/mailapi/1.4.3/mailapi-1.4.3.jar:/Users/aleph/.m2/repository/com/googlecode/libphonenumber/libphonenumber/8.0.0/libphonenumber-8.0.0.jar:/Users/aleph/.m2/repository/net/sf/jopt-simple/jopt-simple/5.0.3/jopt-simple-5.0.3.jar:/Users/aleph/.m2/repository/org/apache/maven/surefire/surefire-testng-utils/2.21.0/surefire-testng-utils-2.21.0.jar:/Users/aleph/.m2/repository/org/apache/maven/surefire/surefire-grouper/2.21.0/surefire-grouper-2.21.0.jar:"/>
    <property name="sun.cpu.endian" value="little"/>
    <property name="user.home" value="/Users/aleph"/>
    <property name="user.language" value="en"/>
    <property name="java.specification.vendor" value="Oracle Corporation"/>
    <property name="java.home" value="/Users/aleph/Library/Java/JavaVirtualMachines/corretto-1.8.0_402/Contents/Home/jre"/>
    <property name="basedir" value="/Users/aleph/IdeaProjects/Prodia_Automation_1.6.0"/>
    <property name="file.separator" value="/"/>
    <property name="line.separator" value="&#10;"/>
    <property name="java.vm.specification.vendor" value="Oracle Corporation"/>
    <property name="java.specification.name" value="Java Platform API Specification"/>
    <property name="java.awt.graphicsenv" value="sun.awt.CGraphicsEnvironment"/>
    <property name="surefire.real.class.path" value="/Users/aleph/IdeaProjects/Prodia_Automation_1.6.0/target/surefire/surefirebooter7357142669449829743.jar"/>
    <property name="sun.boot.class.path" value="/Users/aleph/Library/Java/JavaVirtualMachines/corretto-1.8.0_402/Contents/Home/jre/lib/resources.jar:/Users/aleph/Library/Java/JavaVirtualMachines/corretto-1.8.0_402/Contents/Home/jre/lib/rt.jar:/Users/aleph/Library/Java/JavaVirtualMachines/corretto-1.8.0_402/Contents/Home/jre/lib/sunrsasign.jar:/Users/aleph/Library/Java/JavaVirtualMachines/corretto-1.8.0_402/Contents/Home/jre/lib/jsse.jar:/Users/aleph/Library/Java/JavaVirtualMachines/corretto-1.8.0_402/Contents/Home/jre/lib/jce.jar:/Users/aleph/Library/Java/JavaVirtualMachines/corretto-1.8.0_402/Contents/Home/jre/lib/charsets.jar:/Users/aleph/Library/Java/JavaVirtualMachines/corretto-1.8.0_402/Contents/Home/jre/lib/jfr.jar:/Users/aleph/Library/Java/JavaVirtualMachines/corretto-1.8.0_402/Contents/Home/jre/classes"/>
    <property name="sun.management.compiler" value="HotSpot 64-Bit Tiered Compilers"/>
    <property name="ftp.nonProxyHosts" value="local|*.local|169.254/16|*.169.254/16"/>
    <property name="java.runtime.version" value="1.8.0_402-b08"/>
    <property name="user.name" value="aleph"/>
    <property name="path.separator" value=":"/>
    <property name="os.version" value="13.6.3"/>
    <property name="java.endorsed.dirs" value="/Users/aleph/Library/Java/JavaVirtualMachines/corretto-1.8.0_402/Contents/Home/jre/lib/endorsed"/>
    <property name="java.runtime.name" value="OpenJDK Runtime Environment"/>
    <property name="file.encoding" value="UTF-8"/>
    <property name="java.vm.name" value="OpenJDK 64-Bit Server VM"/>
    <property name="localRepository" value="/Users/aleph/.m2/repository"/>
    <property name="java.vendor.url.bug" value="https://github.com/corretto/corretto-8/issues/"/>
    <property name="java.io.tmpdir" value="/var/folders/tx/7m7ww1w11rd39ys35c96gt7r0000gn/T/"/>
    <property name="idea.version" value="2023.3.3"/>
    <property name="java.version" value="1.8.0_402"/>
    <property name="user.dir" value="/Users/aleph/IdeaProjects/Prodia_Automation_1.6.0"/>
    <property name="os.arch" value="x86_64"/>
    <property name="java.vm.specification.name" value="Java Virtual Machine Specification"/>
    <property name="java.awt.printerjob" value="sun.lwawt.macosx.CPrinterJob"/>
    <property name="sun.os.patch.level" value="unknown"/>
    <property name="java.library.path" value="/Users/aleph/Library/Java/Extensions:/Library/Java/Extensions:/Network/Library/Java/Extensions:/System/Library/Java/Extensions:/usr/lib/java:."/>
    <property name="java.vm.info" value="mixed mode"/>
    <property name="java.vendor" value="Amazon.com Inc."/>
    <property name="java.vm.version" value="25.402-b08"/>
    <property name="java.specification.maintenance.version" value="5"/>
    <property name="java.ext.dirs" value="/Users/aleph/Library/Java/Extensions:/Users/aleph/Library/Java/JavaVirtualMachines/corretto-1.8.0_402/Contents/Home/jre/lib/ext:/Library/Java/Extensions:/Network/Library/Java/Extensions:/System/Library/Java/Extensions:/usr/lib/java"/>
    <property name="sun.io.unicode.encoding" value="UnicodeBig"/>
    <property name="java.class.version" value="52.0"/>
    <property name="socksNonProxyHosts" value="local|*.local|169.254/16|*.169.254/16"/>
  </properties>
  <testcase name="feature" classname="runners.TestNGRunner" time="28.45">
    <failure message="java.lang.AssertionError:  did not expect to find [true] but found [false]" type="cucumber.runtime.CucumberException">cucumber.runtime.CucumberException: java.lang.AssertionError:  did not expect to find [true] but found [false]
	at runners.TestNGRunner.feature(TestNGRunner.java:48)
Caused by: java.lang.AssertionError:  did not expect to find [true] but found [false]
</failure>
    <system-out><![CDATA[Feature: Prodia Mobile

  @MyProfile
  Scenario: user can View profile                   &amp#27;[90m# MyProfile.feature:4&amp#27;[0m
    &amp#27;[31mGiven &amp#27;[0m&amp#27;[31muser on login dashboard&amp#27;[0m                   &amp#27;[90m# Signin_stepDef.userOnLoginDashboard()&amp#27;[0m
      &amp#27;[31mjava.lang.AssertionError:  did not expect to find [true] but found [false]
      	at org.testng.Assert.fail(Assert.java:97)
      	at org.testng.Assert.failNotEquals(Assert.java:969)
      	at org.testng.Assert.assertTrue(Assert.java:43)
      	at pages.SIgninpage.userOnLoginDashboard(SIgninpage.java:30)
      	at steps.Signin_stepDef.userOnLoginDashboard(Signin_stepDef.java:24)
      	at ✽.Given user on login dashboard(MyProfile.feature:5)
      &amp#27;[0m
    &amp#27;[36mWhen &amp#27;[0m&amp#27;[36muser tap Login button&amp#27;[0m                      &amp#27;[90m# Signin_stepDef.userTapLoginButton()&amp#27;[0m
    &amp#27;[36mAnd &amp#27;[0m&amp#27;[36muser input username "&amp#27;[0m&amp#27;[36m&amp#27;[1mferysadewaa@gmail.com&amp#27;[0m&amp#27;[36m"&amp#27;[0m &amp#27;[90m# Signin_stepDef.userInputUsername(String)&amp#27;[0m
    &amp#27;[36mAnd &amp#27;[0m&amp#27;[36muser input password "&amp#27;[0m&amp#27;[36m&amp#27;[1mFery1304&amp#27;[0m&amp#27;[36m"&amp#27;[0m              &amp#27;[90m# Signin_stepDef.userInputPassword(String)&amp#27;[0m
    &amp#27;[36mAnd &amp#27;[0m&amp#27;[36muser tap button&amp#27;[0m                             &amp#27;[90m# Signin_stepDef.userTapButton()&amp#27;[0m
    &amp#27;[36mAnd &amp#27;[0m&amp#27;[36muser on homepage dashboard&amp#27;[0m                  &amp#27;[90m# Signin_stepDef.userOnHomepageDashboard()&amp#27;[0m
    &amp#27;[36mAnd &amp#27;[0m&amp#27;[36muser tap icon profile&amp#27;[0m                       &amp#27;[90m# MyProfile_stepDef.userTapIconProfile()&amp#27;[0m
    &amp#27;[36mAnd &amp#27;[0m&amp#27;[36muser on page Account&amp#27;[0m                        &amp#27;[90m# MyProfile_stepDef.userOnPageAccount()&amp#27;[0m
    &amp#27;[36mAnd &amp#27;[0m&amp#27;[36muser tap profile&amp#27;[0m                            &amp#27;[90m# MyProfile_stepDef.userTapProfile()&amp#27;[0m
    &amp#27;[36mThen &amp#27;[0m&amp#27;[36muser on page Profile&amp#27;[0m                       &amp#27;[90m# MyProfile_stepDef.userOnPageProfile()&amp#27;[0m

  @MyProfile
  Scenario: user can change photo profile, edit addres and delete addres &amp#27;[90m# MyProfile.feature:17&amp#27;[0m
    &amp#27;[31mGiven &amp#27;[0m&amp#27;[31muser on login dashboard&amp#27;[0m                                        &amp#27;[90m# Signin_stepDef.userOnLoginDashboard()&amp#27;[0m
      &amp#27;[31mjava.lang.AssertionError:  did not expect to find [true] but found [false]
      	at org.testng.Assert.fail(Assert.java:97)
      	at org.testng.Assert.failNotEquals(Assert.java:969)
      	at org.testng.Assert.assertTrue(Assert.java:43)
      	at pages.SIgninpage.userOnLoginDashboard(SIgninpage.java:30)
      	at steps.Signin_stepDef.userOnLoginDashboard(Signin_stepDef.java:24)
      	at ✽.Given user on login dashboard(MyProfile.feature:18)
      &amp#27;[0m
    &amp#27;[36mWhen &amp#27;[0m&amp#27;[36muser tap Login button&amp#27;[0m                                           &amp#27;[90m# Signin_stepDef.userTapLoginButton()&amp#27;[0m
    &amp#27;[36mAnd &amp#27;[0m&amp#27;[36muser input username "&amp#27;[0m&amp#27;[36m&amp#27;[1mferysadewaa@gmail.com&amp#27;[0m&amp#27;[36m"&amp#27;[0m                      &amp#27;[90m# Signin_stepDef.userInputUsername(String)&amp#27;[0m
    &amp#27;[36mAnd &amp#27;[0m&amp#27;[36muser input password "&amp#27;[0m&amp#27;[36m&amp#27;[1mFery1304&amp#27;[0m&amp#27;[36m"&amp#27;[0m                                   &amp#27;[90m# Signin_stepDef.userInputPassword(String)&amp#27;[0m
    &amp#27;[36mAnd &amp#27;[0m&amp#27;[36muser tap button&amp#27;[0m                                                  &amp#27;[90m# Signin_stepDef.userTapButton()&amp#27;[0m
    &amp#27;[36mAnd &amp#27;[0m&amp#27;[36muser on homepage dashboard&amp#27;[0m                                       &amp#27;[90m# Signin_stepDef.userOnHomepageDashboard()&amp#27;[0m
    &amp#27;[36mAnd &amp#27;[0m&amp#27;[36muser tap icon profile&amp#27;[0m                                            &amp#27;[90m# MyProfile_stepDef.userTapIconProfile()&amp#27;[0m
    &amp#27;[36mAnd &amp#27;[0m&amp#27;[36muser on page Account&amp#27;[0m                                             &amp#27;[90m# MyProfile_stepDef.userOnPageAccount()&amp#27;[0m
    &amp#27;[36mAnd &amp#27;[0m&amp#27;[36muser tap profile&amp#27;[0m                                                 &amp#27;[90m# MyProfile_stepDef.userTapProfile()&amp#27;[0m
    &amp#27;[36mAnd &amp#27;[0m&amp#27;[36muser on page Profile&amp#27;[0m                                             &amp#27;[90m# MyProfile_stepDef.userOnPageProfile()&amp#27;[0m
    &amp#27;[36mAnd &amp#27;[0m&amp#27;[36muser tap symbol cam on icon profile&amp#27;[0m                              &amp#27;[90m# MyProfile_stepDef.userTapSymbolCamOnIconProfile()&amp#27;[0m
    &amp#27;[36mAnd &amp#27;[0m&amp#27;[36muser tap take photo&amp#27;[0m                                              &amp#27;[90m# MyProfile_stepDef.userTapTakePhoto()&amp#27;[0m
    &amp#27;[36mAnd &amp#27;[0m&amp#27;[36muser tap button take photo&amp#27;[0m                                       &amp#27;[90m# MyProfile_stepDef.userTapButtonTakePhoto()&amp#27;[0m
    &amp#27;[36mAnd &amp#27;[0m&amp#27;[36muser tap ok&amp#27;[0m                                                      &amp#27;[90m# MyProfile_stepDef.userTapOk()&amp#27;[0m
    &amp#27;[36mThen &amp#27;[0m&amp#27;[36muser on page Profile&amp#27;[0m                                            &amp#27;[90m# MyProfile_stepDef.userOnPageProfile()&amp#27;[0m

  @MyProfile
  Scenario: user can add address, edit addres and delete addres                    &amp#27;[90m# MyProfile.feature:35&amp#27;[0m
    &amp#27;[31mGiven &amp#27;[0m&amp#27;[31muser on login dashboard&amp#27;[0m                                                  &amp#27;[90m# Signin_stepDef.userOnLoginDashboard()&amp#27;[0m
      &amp#27;[31mjava.lang.AssertionError:  did not expect to find [true] but found [false]
      	at org.testng.Assert.fail(Assert.java:97)
      	at org.testng.Assert.failNotEquals(Assert.java:969)
      	at org.testng.Assert.assertTrue(Assert.java:43)
      	at pages.SIgninpage.userOnLoginDashboard(SIgninpage.java:30)
      	at steps.Signin_stepDef.userOnLoginDashboard(Signin_stepDef.java:24)
      	at ✽.Given user on login dashboard(MyProfile.feature:36)
      &amp#27;[0m
    &amp#27;[36mWhen &amp#27;[0m&amp#27;[36muser tap Login button&amp#27;[0m                                                     &amp#27;[90m# Signin_stepDef.userTapLoginButton()&amp#27;[0m
    &amp#27;[36mAnd &amp#27;[0m&amp#27;[36muser input username "&amp#27;[0m&amp#27;[36m&amp#27;[1mferysadewaa@gmail.com&amp#27;[0m&amp#27;[36m"&amp#27;[0m                                &amp#27;[90m# Signin_stepDef.userInputUsername(String)&amp#27;[0m
    &amp#27;[36mAnd &amp#27;[0m&amp#27;[36muser input password "&amp#27;[0m&amp#27;[36m&amp#27;[1mFery1304&amp#27;[0m&amp#27;[36m"&amp#27;[0m                                             &amp#27;[90m# Signin_stepDef.userInputPassword(String)&amp#27;[0m
    &amp#27;[36mAnd &amp#27;[0m&amp#27;[36muser tap button&amp#27;[0m                                                            &amp#27;[90m# Signin_stepDef.userTapButton()&amp#27;[0m
    &amp#27;[36mAnd &amp#27;[0m&amp#27;[36muser on homepage dashboard&amp#27;[0m                                                 &amp#27;[90m# Signin_stepDef.userOnHomepageDashboard()&amp#27;[0m
    &amp#27;[36mAnd &amp#27;[0m&amp#27;[36muser tap icon profile&amp#27;[0m                                                      &amp#27;[90m# MyProfile_stepDef.userTapIconProfile()&amp#27;[0m
    &amp#27;[36mAnd &amp#27;[0m&amp#27;[36muser on page Account&amp#27;[0m                                                       &amp#27;[90m# MyProfile_stepDef.userOnPageAccount()&amp#27;[0m
    &amp#27;[33mAnd &amp#27;[0m&amp#27;[33muser tap Address List&amp#27;[0m
    &amp#27;[33mAnd &amp#27;[0m&amp#27;[33muser on page My Address&amp#27;[0m
    &amp#27;[33mAnd &amp#27;[0m&amp#27;[33muser tap add Address&amp#27;[0m
    &amp#27;[33mAnd &amp#27;[0m&amp#27;[33muser tap search address and input "jalan kober gang mawar no 2 purwokerto"&amp#27;[0m
    &amp#27;[33mAnd &amp#27;[0m&amp#27;[33muser tap address selected from list&amp#27;[0m
    &amp#27;[33mAnd &amp#27;[0m&amp#27;[33muser tap save button on page address&amp#27;[0m
    &amp#27;[33mAnd &amp#27;[0m&amp#27;[33muser on page add address&amp#27;[0m
    &amp#27;[33mAnd &amp#27;[0m&amp#27;[33muser input address name "My Home At Purwokerto"&amp#27;[0m
    &amp#27;[33mAnd &amp#27;[0m&amp#27;[33muser input additional Notes "Not add Notes"&amp#27;[0m
    &amp#27;[33mAnd &amp#27;[0m&amp#27;[33muser click add Address Button&amp#27;[0m
    &amp#27;[33mThen &amp#27;[0m&amp#27;[33muser on page My Address&amp#27;[0m

  @MyProfile
  Scenario: user can edit addres and delete addres         &amp#27;[90m# MyProfile.feature:57&amp#27;[0m
    &amp#27;[31mGiven &amp#27;[0m&amp#27;[31muser on login dashboard&amp#27;[0m                          &amp#27;[90m# Signin_stepDef.userOnLoginDashboard()&amp#27;[0m
      &amp#27;[31mjava.lang.AssertionError:  did not expect to find [true] but found [false]
      	at org.testng.Assert.fail(Assert.java:97)
      	at org.testng.Assert.failNotEquals(Assert.java:969)
      	at org.testng.Assert.assertTrue(Assert.java:43)
      	at pages.SIgninpage.userOnLoginDashboard(SIgninpage.java:30)
      	at steps.Signin_stepDef.userOnLoginDashboard(Signin_stepDef.java:24)
      	at ✽.Given user on login dashboard(MyProfile.feature:58)
      &amp#27;[0m
    &amp#27;[36mWhen &amp#27;[0m&amp#27;[36muser tap Login button&amp#27;[0m                             &amp#27;[90m# Signin_stepDef.userTapLoginButton()&amp#27;[0m
    &amp#27;[36mAnd &amp#27;[0m&amp#27;[36muser input username "&amp#27;[0m&amp#27;[36m&amp#27;[1mferysadewaa@gmail.com&amp#27;[0m&amp#27;[36m"&amp#27;[0m        &amp#27;[90m# Signin_stepDef.userInputUsername(String)&amp#27;[0m
    &amp#27;[36mAnd &amp#27;[0m&amp#27;[36muser input password "&amp#27;[0m&amp#27;[36m&amp#27;[1mFery1304&amp#27;[0m&amp#27;[36m"&amp#27;[0m                     &amp#27;[90m# Signin_stepDef.userInputPassword(String)&amp#27;[0m
    &amp#27;[36mAnd &amp#27;[0m&amp#27;[36muser tap button&amp#27;[0m                                    &amp#27;[90m# Signin_stepDef.userTapButton()&amp#27;[0m
    &amp#27;[36mAnd &amp#27;[0m&amp#27;[36muser on homepage dashboard&amp#27;[0m                         &amp#27;[90m# Signin_stepDef.userOnHomepageDashboard()&amp#27;[0m
    &amp#27;[36mAnd &amp#27;[0m&amp#27;[36muser tap icon profile&amp#27;[0m                              &amp#27;[90m# MyProfile_stepDef.userTapIconProfile()&amp#27;[0m
    &amp#27;[36mAnd &amp#27;[0m&amp#27;[36muser on page Account&amp#27;[0m                               &amp#27;[90m# MyProfile_stepDef.userOnPageAccount()&amp#27;[0m
    &amp#27;[33mAnd &amp#27;[0m&amp#27;[33muser tap Address List&amp#27;[0m
    &amp#27;[33mAnd &amp#27;[0m&amp#27;[33muser on page My Address&amp#27;[0m
    &amp#27;[33mAnd &amp#27;[0m&amp#27;[33muser tap other option&amp#27;[0m
    &amp#27;[33mAnd &amp#27;[0m&amp#27;[33muser tap Edit Address&amp#27;[0m
    &amp#27;[33mAnd &amp#27;[0m&amp#27;[33muser on page edit address&amp#27;[0m
    &amp#27;[33mAnd &amp#27;[0m&amp#27;[33muser input address name "My Kost At Jakarta"&amp#27;[0m
    &amp#27;[33mAnd &amp#27;[0m&amp#27;[33muser tap address detail&amp#27;[0m
    &amp#27;[33mAnd &amp#27;[0m&amp#27;[33muser tap search address and input "Aufa Residence"&amp#27;[0m
    &amp#27;[33mAnd &amp#27;[0m&amp#27;[33muser tap address selected from list&amp#27;[0m
    &amp#27;[33mAnd &amp#27;[0m&amp#27;[33muser tap save button on page address&amp#27;[0m
    &amp#27;[33mAnd &amp#27;[0m&amp#27;[33muser input additional Notes "EDIT"&amp#27;[0m
    &amp#27;[33mAnd &amp#27;[0m&amp#27;[33muser save buton on edit address&amp#27;[0m
    &amp#27;[33mThen &amp#27;[0m&amp#27;[33muser on page My Address&amp#27;[0m

  @MyProfile
  Scenario: user can delete addres                  &amp#27;[90m# MyProfile.feature:82&amp#27;[0m
    &amp#27;[31mGiven &amp#27;[0m&amp#27;[31muser on login dashboard&amp#27;[0m                   &amp#27;[90m# Signin_stepDef.userOnLoginDashboard()&amp#27;[0m
      &amp#27;[31mjava.lang.AssertionError:  did not expect to find [true] but found [false]
      	at org.testng.Assert.fail(Assert.java:97)
      	at org.testng.Assert.failNotEquals(Assert.java:969)
      	at org.testng.Assert.assertTrue(Assert.java:43)
      	at pages.SIgninpage.userOnLoginDashboard(SIgninpage.java:30)
      	at steps.Signin_stepDef.userOnLoginDashboard(Signin_stepDef.java:24)
      	at ✽.Given user on login dashboard(MyProfile.feature:83)
      &amp#27;[0m
    &amp#27;[36mWhen &amp#27;[0m&amp#27;[36muser tap Login button&amp#27;[0m                      &amp#27;[90m# Signin_stepDef.userTapLoginButton()&amp#27;[0m
    &amp#27;[36mAnd &amp#27;[0m&amp#27;[36muser input username "&amp#27;[0m&amp#27;[36m&amp#27;[1mferysadewaa@gmail.com&amp#27;[0m&amp#27;[36m"&amp#27;[0m &amp#27;[90m# Signin_stepDef.userInputUsername(String)&amp#27;[0m
    &amp#27;[36mAnd &amp#27;[0m&amp#27;[36muser input password "&amp#27;[0m&amp#27;[36m&amp#27;[1mFery1304&amp#27;[0m&amp#27;[36m"&amp#27;[0m              &amp#27;[90m# Signin_stepDef.userInputPassword(String)&amp#27;[0m
    &amp#27;[36mAnd &amp#27;[0m&amp#27;[36muser tap button&amp#27;[0m                             &amp#27;[90m# Signin_stepDef.userTapButton()&amp#27;[0m
    &amp#27;[36mAnd &amp#27;[0m&amp#27;[36muser on homepage dashboard&amp#27;[0m                  &amp#27;[90m# Signin_stepDef.userOnHomepageDashboard()&amp#27;[0m
    &amp#27;[36mAnd &amp#27;[0m&amp#27;[36muser tap icon profile&amp#27;[0m                       &amp#27;[90m# MyProfile_stepDef.userTapIconProfile()&amp#27;[0m
    &amp#27;[36mAnd &amp#27;[0m&amp#27;[36muser on page Account&amp#27;[0m                        &amp#27;[90m# MyProfile_stepDef.userOnPageAccount()&amp#27;[0m
    &amp#27;[33mAnd &amp#27;[0m&amp#27;[33muser tap Address List&amp#27;[0m
    &amp#27;[33mAnd &amp#27;[0m&amp#27;[33muser on page My Address&amp#27;[0m
    &amp#27;[33mAnd &amp#27;[0m&amp#27;[33muser tap other option&amp#27;[0m
    &amp#27;[33mAnd &amp#27;[0m&amp#27;[33muser tap Delete Address&amp#27;[0m
    &amp#27;[33mAnd &amp#27;[0m&amp#27;[33muser tap yes,delete address option&amp#27;[0m
    &amp#27;[33mAnd &amp#27;[0m&amp#27;[33muser on page My Address&amp#27;[0m
]]></system-out>
    <system-err><![CDATA[Apr 04, 2024 10:36:23 PM io.appium.java_client.remote.AppiumCommandExecutor$1 lambda$0
INFO: Detected dialect: W3C
org.openqa.selenium.WebDriverException: An unknown server-side error occurred while processing the command. Original error: Could not proxy command to the remote server. Original error: socket hang up
Build info: version: '3.141.59', revision: 'e82be7d358', time: '2018-11-14T08:17:03'
System info: host: 'Aleph-0LVDCs-MacBook-Pro.local', ip: '2001:448a:20a0:642e:88af:b7f6:f9b0:5952%en0', os.name: 'Mac OS X', os.arch: 'x86_64', os.version: '13.6.3', java.version: '1.8.0_402'
Driver info: io.appium.java_client.android.AndroidDriver
Capabilities {appActivity: com.prodia.mobileandroid.ui..., appPackage: com.prodiadigital.patient, automationName: UIAutomator2, databaseEnabled: false, desired: {appActivity: com.prodia.mobileandroid.ui..., appPackage: com.prodiadigital.patient, automationName: UIAutomator2, deviceName: RRCTB04RC3Z, noReset: true, platformName: android, unicodeKeyboard: true}, deviceApiLevel: 34, deviceManufacturer: samsung, deviceModel: SM-A236E, deviceName: RRCTB04RC3Z, deviceScreenDensity: 450, deviceScreenSize: 1080x2408, deviceUDID: RRCTB04RC3Z, javascriptEnabled: true, locationContextEnabled: false, networkConnectionEnabled: true, noReset: true, pixelRatio: 2.8125, platform: LINUX, platformName: Android, platformVersion: 14, statBarHeight: 70, takesScreenshot: true, unicodeKeyboard: true, viewportRect: {height: 2338, left: 0, top: 70, width: 1080}, warnings: {}, webStorageEnabled: false}
Session ID: 1d776da8-bdea-44f9-8b45-a98af7e54eb7
*** Element info: {Using=xpath, value=//androidx.compose.ui.platform.ComposeView/android.view.View/android.view.View[2]}
	at sun.reflect.NativeConstructorAccessorImpl.newInstance0(Native Method)
	at sun.reflect.NativeConstructorAccessorImpl.newInstance(NativeConstructorAccessorImpl.java:62)
	at sun.reflect.DelegatingConstructorAccessorImpl.newInstance(DelegatingConstructorAccessorImpl.java:45)
	at java.lang.reflect.Constructor.newInstance(Constructor.java:423)
	at org.openqa.selenium.remote.http.W3CHttpResponseCodec.createException(W3CHttpResponseCodec.java:187)
	at org.openqa.selenium.remote.http.W3CHttpResponseCodec.decode(W3CHttpResponseCodec.java:122)
	at org.openqa.selenium.remote.http.W3CHttpResponseCodec.decode(W3CHttpResponseCodec.java:49)
	at org.openqa.selenium.remote.HttpCommandExecutor.execute(HttpCommandExecutor.java:158)
	at io.appium.java_client.remote.AppiumCommandExecutor.execute(AppiumCommandExecutor.java:250)
	at org.openqa.selenium.remote.RemoteWebDriver.execute(RemoteWebDriver.java:552)
	at io.appium.java_client.DefaultGenericMobileDriver.execute(DefaultGenericMobileDriver.java:41)
	at io.appium.java_client.AppiumDriver.execute(AppiumDriver.java:1)
	at io.appium.java_client.android.AndroidDriver.execute(AndroidDriver.java:1)
	at org.openqa.selenium.remote.RemoteWebDriver.findElements(RemoteWebDriver.java:353)
	at io.appium.java_client.DefaultGenericMobileDriver.findElements(DefaultGenericMobileDriver.java:53)
	at io.appium.java_client.AppiumDriver.findElements(AppiumDriver.java:179)
	at org.openqa.selenium.remote.RemoteWebDriver.findElementsByXPath(RemoteWebDriver.java:432)
	at io.appium.java_client.DefaultGenericMobileDriver.findElementsByXPath(DefaultGenericMobileDriver.java:155)
	at io.appium.java_client.AppiumDriver.findElementsByXPath(AppiumDriver.java:212)
	at org.openqa.selenium.By$ByXPath.findElements(By.java:348)
	at org.openqa.selenium.remote.RemoteWebDriver.findElements(RemoteWebDriver.java:311)
	at io.appium.java_client.DefaultGenericMobileDriver.findElements(DefaultGenericMobileDriver.java:49)
	at io.appium.java_client.AppiumDriver.findElements(AppiumDriver.java:174)
	at utils.AndroidUtils.Assert(AndroidUtils.java:61)
	at pages.SIgninpage.userOnLoginDashboard(SIgninpage.java:30)
	at steps.Signin_stepDef.userOnLoginDashboard(Signin_stepDef.java:24)
	at sun.reflect.NativeMethodAccessorImpl.invoke0(Native Method)
	at sun.reflect.NativeMethodAccessorImpl.invoke(NativeMethodAccessorImpl.java:62)
	at sun.reflect.DelegatingMethodAccessorImpl.invoke(DelegatingMethodAccessorImpl.java:43)
	at java.lang.reflect.Method.invoke(Method.java:498)
	at cucumber.runtime.Utils$1.call(Utils.java:40)
	at cucumber.runtime.Timeout.timeout(Timeout.java:16)
	at cucumber.runtime.Utils.invoke(Utils.java:34)
	at cucumber.runtime.java.JavaStepDefinition.execute(JavaStepDefinition.java:38)
	at cucumber.runtime.StepDefinitionMatch.runStep(StepDefinitionMatch.java:37)
	at cucumber.runtime.Runtime.runStep(Runtime.java:300)
	at cucumber.runtime.model.StepContainer.runStep(StepContainer.java:44)
	at cucumber.runtime.model.StepContainer.runSteps(StepContainer.java:39)
	at cucumber.runtime.model.CucumberScenario.run(CucumberScenario.java:44)
	at cucumber.runtime.model.CucumberFeature.run(CucumberFeature.java:165)
	at cucumber.api.testng.TestNGCucumberRunner.runCucumber(TestNGCucumberRunner.java:63)
	at runners.TestNGRunner.feature(TestNGRunner.java:48)
	at sun.reflect.NativeMethodAccessorImpl.invoke0(Native Method)
	at sun.reflect.NativeMethodAccessorImpl.invoke(NativeMethodAccessorImpl.java:62)
	at sun.reflect.DelegatingMethodAccessorImpl.invoke(DelegatingMethodAccessorImpl.java:43)
	at java.lang.reflect.Method.invoke(Method.java:498)
	at org.testng.internal.MethodInvocationHelper.invokeMethod(MethodInvocationHelper.java:133)
	at org.testng.internal.TestInvoker.invokeMethod(TestInvoker.java:584)
	at org.testng.internal.TestInvoker.invokeTestMethod(TestInvoker.java:172)
	at org.testng.internal.MethodRunner.runInSequence(MethodRunner.java:46)
	at org.testng.internal.TestInvoker$MethodInvocationAgent.invoke(TestInvoker.java:804)
	at org.testng.internal.TestInvoker.invokeTestMethods(TestInvoker.java:145)
	at org.testng.internal.TestMethodWorker.invokeTestMethods(TestMethodWorker.java:146)
	at org.testng.internal.TestMethodWorker.run(TestMethodWorker.java:128)
	at java.util.ArrayList.forEach(ArrayList.java:1259)
	at org.testng.TestRunner.privateRun(TestRunner.java:770)
	at org.testng.TestRunner.run(TestRunner.java:591)
	at org.testng.SuiteRunner.runTest(SuiteRunner.java:402)
	at org.testng.SuiteRunner.access$000(SuiteRunner.java:41)
	at org.testng.SuiteRunner$SuiteWorker.run(SuiteRunner.java:443)
	at org.testng.internal.thread.ThreadUtil.lambda$execute$0(ThreadUtil.java:67)
	at java.util.concurrent.FutureTask.run(FutureTask.java:266)
	at java.util.concurrent.ThreadPoolExecutor.runWorker(ThreadPoolExecutor.java:1149)
	at java.util.concurrent.ThreadPoolExecutor$Worker.run(ThreadPoolExecutor.java:624)
	at java.lang.Thread.run(Thread.java:750)
org.openqa.selenium.WebDriverException: An unknown server-side error occurred while processing the command. Original error: 'POST /elements' cannot be proxied to UiAutomator2 server because the instrumentation process is not running (probably crashed). Check the server log and/or the logcat output for more details
Build info: version: '3.141.59', revision: 'e82be7d358', time: '2018-11-14T08:17:03'
System info: host: 'Aleph-0LVDCs-MacBook-Pro.local', ip: '2001:448a:20a0:642e:88af:b7f6:f9b0:5952%en0', os.name: 'Mac OS X', os.arch: 'x86_64', os.version: '13.6.3', java.version: '1.8.0_402'
Driver info: io.appium.java_client.android.AndroidDriver
Capabilities {appActivity: com.prodia.mobileandroid.ui..., appPackage: com.prodiadigital.patient, automationName: UIAutomator2, databaseEnabled: false, desired: {appActivity: com.prodia.mobileandroid.ui..., appPackage: com.prodiadigital.patient, automationName: UIAutomator2, deviceName: RRCTB04RC3Z, noReset: true, platformName: android, unicodeKeyboard: true}, deviceApiLevel: 34, deviceManufacturer: samsung, deviceModel: SM-A236E, deviceName: RRCTB04RC3Z, deviceScreenDensity: 450, deviceScreenSize: 1080x2408, deviceUDID: RRCTB04RC3Z, javascriptEnabled: true, locationContextEnabled: false, networkConnectionEnabled: true, noReset: true, pixelRatio: 2.8125, platform: LINUX, platformName: Android, platformVersion: 14, statBarHeight: 70, takesScreenshot: true, unicodeKeyboard: true, viewportRect: {height: 2338, left: 0, top: 70, width: 1080}, warnings: {}, webStorageEnabled: false}
Session ID: 1d776da8-bdea-44f9-8b45-a98af7e54eb7
*** Element info: {Using=xpath, value=//androidx.compose.ui.platform.ComposeView/android.view.View/android.view.View[2]}
	at sun.reflect.NativeConstructorAccessorImpl.newInstance0(Native Method)
	at sun.reflect.NativeConstructorAccessorImpl.newInstance(NativeConstructorAccessorImpl.java:62)
	at sun.reflect.DelegatingConstructorAccessorImpl.newInstance(DelegatingConstructorAccessorImpl.java:45)
	at java.lang.reflect.Constructor.newInstance(Constructor.java:423)
	at org.openqa.selenium.remote.http.W3CHttpResponseCodec.createException(W3CHttpResponseCodec.java:187)
	at org.openqa.selenium.remote.http.W3CHttpResponseCodec.decode(W3CHttpResponseCodec.java:122)
	at org.openqa.selenium.remote.http.W3CHttpResponseCodec.decode(W3CHttpResponseCodec.java:49)
	at org.openqa.selenium.remote.HttpCommandExecutor.execute(HttpCommandExecutor.java:158)
	at io.appium.java_client.remote.AppiumCommandExecutor.execute(AppiumCommandExecutor.java:250)
	at org.openqa.selenium.remote.RemoteWebDriver.execute(RemoteWebDriver.java:552)
	at io.appium.java_client.DefaultGenericMobileDriver.execute(DefaultGenericMobileDriver.java:41)
	at io.appium.java_client.AppiumDriver.execute(AppiumDriver.java:1)
	at io.appium.java_client.android.AndroidDriver.execute(AndroidDriver.java:1)
	at org.openqa.selenium.remote.RemoteWebDriver.findElements(RemoteWebDriver.java:353)
	at io.appium.java_client.DefaultGenericMobileDriver.findElements(DefaultGenericMobileDriver.java:53)
	at io.appium.java_client.AppiumDriver.findElements(AppiumDriver.java:179)
	at org.openqa.selenium.remote.RemoteWebDriver.findElementsByXPath(RemoteWebDriver.java:432)
	at io.appium.java_client.DefaultGenericMobileDriver.findElementsByXPath(DefaultGenericMobileDriver.java:155)
	at io.appium.java_client.AppiumDriver.findElementsByXPath(AppiumDriver.java:212)
	at org.openqa.selenium.By$ByXPath.findElements(By.java:348)
	at org.openqa.selenium.remote.RemoteWebDriver.findElements(RemoteWebDriver.java:311)
	at io.appium.java_client.DefaultGenericMobileDriver.findElements(DefaultGenericMobileDriver.java:49)
	at io.appium.java_client.AppiumDriver.findElements(AppiumDriver.java:174)
	at utils.AndroidUtils.Assert(AndroidUtils.java:61)
	at pages.SIgninpage.userOnLoginDashboard(SIgninpage.java:30)
	at steps.Signin_stepDef.userOnLoginDashboard(Signin_stepDef.java:24)
	at sun.reflect.NativeMethodAccessorImpl.invoke0(Native Method)
	at sun.reflect.NativeMethodAccessorImpl.invoke(NativeMethodAccessorImpl.java:62)
	at sun.reflect.DelegatingMethodAccessorImpl.invoke(DelegatingMethodAccessorImpl.java:43)
	at java.lang.reflect.Method.invoke(Method.java:498)
	at cucumber.runtime.Utils$1.call(Utils.java:40)
	at cucumber.runtime.Timeout.timeout(Timeout.java:16)
	at cucumber.runtime.Utils.invoke(Utils.java:34)
	at cucumber.runtime.java.JavaStepDefinition.execute(JavaStepDefinition.java:38)
	at cucumber.runtime.StepDefinitionMatch.runStep(StepDefinitionMatch.java:37)
	at cucumber.runtime.Runtime.runStep(Runtime.java:300)
	at cucumber.runtime.model.StepContainer.runStep(StepContainer.java:44)
	at cucumber.runtime.model.StepContainer.runSteps(StepContainer.java:39)
	at cucumber.runtime.model.CucumberScenario.run(CucumberScenario.java:44)
	at cucumber.runtime.model.CucumberFeature.run(CucumberFeature.java:165)
	at cucumber.api.testng.TestNGCucumberRunner.runCucumber(TestNGCucumberRunner.java:63)
	at runners.TestNGRunner.feature(TestNGRunner.java:48)
	at sun.reflect.NativeMethodAccessorImpl.invoke0(Native Method)
	at sun.reflect.NativeMethodAccessorImpl.invoke(NativeMethodAccessorImpl.java:62)
	at sun.reflect.DelegatingMethodAccessorImpl.invoke(DelegatingMethodAccessorImpl.java:43)
	at java.lang.reflect.Method.invoke(Method.java:498)
	at org.testng.internal.MethodInvocationHelper.invokeMethod(MethodInvocationHelper.java:133)
	at org.testng.internal.TestInvoker.invokeMethod(TestInvoker.java:584)
	at org.testng.internal.TestInvoker.invokeTestMethod(TestInvoker.java:172)
	at org.testng.internal.MethodRunner.runInSequence(MethodRunner.java:46)
	at org.testng.internal.TestInvoker$MethodInvocationAgent.invoke(TestInvoker.java:804)
	at org.testng.internal.TestInvoker.invokeTestMethods(TestInvoker.java:145)
	at org.testng.internal.TestMethodWorker.invokeTestMethods(TestMethodWorker.java:146)
	at org.testng.internal.TestMethodWorker.run(TestMethodWorker.java:128)
	at java.util.ArrayList.forEach(ArrayList.java:1259)
	at org.testng.TestRunner.privateRun(TestRunner.java:770)
	at org.testng.TestRunner.run(TestRunner.java:591)
	at org.testng.SuiteRunner.runTest(SuiteRunner.java:402)
	at org.testng.SuiteRunner.access$000(SuiteRunner.java:41)
	at org.testng.SuiteRunner$SuiteWorker.run(SuiteRunner.java:443)
	at org.testng.internal.thread.ThreadUtil.lambda$execute$0(ThreadUtil.java:67)
	at java.util.concurrent.FutureTask.run(FutureTask.java:266)
	at java.util.concurrent.ThreadPoolExecutor.runWorker(ThreadPoolExecutor.java:1149)
	at java.util.concurrent.ThreadPoolExecutor$Worker.run(ThreadPoolExecutor.java:624)
	at java.lang.Thread.run(Thread.java:750)
org.openqa.selenium.WebDriverException: An unknown server-side error occurred while processing the command. Original error: 'POST /elements' cannot be proxied to UiAutomator2 server because the instrumentation process is not running (probably crashed). Check the server log and/or the logcat output for more details
Build info: version: '3.141.59', revision: 'e82be7d358', time: '2018-11-14T08:17:03'
System info: host: 'Aleph-0LVDCs-MacBook-Pro.local', ip: '2001:448a:20a0:642e:88af:b7f6:f9b0:5952%en0', os.name: 'Mac OS X', os.arch: 'x86_64', os.version: '13.6.3', java.version: '1.8.0_402'
Driver info: io.appium.java_client.android.AndroidDriver
Capabilities {appActivity: com.prodia.mobileandroid.ui..., appPackage: com.prodiadigital.patient, automationName: UIAutomator2, databaseEnabled: false, desired: {appActivity: com.prodia.mobileandroid.ui..., appPackage: com.prodiadigital.patient, automationName: UIAutomator2, deviceName: RRCTB04RC3Z, noReset: true, platformName: android, unicodeKeyboard: true}, deviceApiLevel: 34, deviceManufacturer: samsung, deviceModel: SM-A236E, deviceName: RRCTB04RC3Z, deviceScreenDensity: 450, deviceScreenSize: 1080x2408, deviceUDID: RRCTB04RC3Z, javascriptEnabled: true, locationContextEnabled: false, networkConnectionEnabled: true, noReset: true, pixelRatio: 2.8125, platform: LINUX, platformName: Android, platformVersion: 14, statBarHeight: 70, takesScreenshot: true, unicodeKeyboard: true, viewportRect: {height: 2338, left: 0, top: 70, width: 1080}, warnings: {}, webStorageEnabled: false}
Session ID: 1d776da8-bdea-44f9-8b45-a98af7e54eb7
*** Element info: {Using=xpath, value=//androidx.compose.ui.platform.ComposeView/android.view.View/android.view.View[2]}
	at sun.reflect.NativeConstructorAccessorImpl.newInstance0(Native Method)
	at sun.reflect.NativeConstructorAccessorImpl.newInstance(NativeConstructorAccessorImpl.java:62)
	at sun.reflect.DelegatingConstructorAccessorImpl.newInstance(DelegatingConstructorAccessorImpl.java:45)
	at java.lang.reflect.Constructor.newInstance(Constructor.java:423)
	at org.openqa.selenium.remote.http.W3CHttpResponseCodec.createException(W3CHttpResponseCodec.java:187)
	at org.openqa.selenium.remote.http.W3CHttpResponseCodec.decode(W3CHttpResponseCodec.java:122)
	at org.openqa.selenium.remote.http.W3CHttpResponseCodec.decode(W3CHttpResponseCodec.java:49)
	at org.openqa.selenium.remote.HttpCommandExecutor.execute(HttpCommandExecutor.java:158)
	at io.appium.java_client.remote.AppiumCommandExecutor.execute(AppiumCommandExecutor.java:250)
	at org.openqa.selenium.remote.RemoteWebDriver.execute(RemoteWebDriver.java:552)
	at io.appium.java_client.DefaultGenericMobileDriver.execute(DefaultGenericMobileDriver.java:41)
	at io.appium.java_client.AppiumDriver.execute(AppiumDriver.java:1)
	at io.appium.java_client.android.AndroidDriver.execute(AndroidDriver.java:1)
	at org.openqa.selenium.remote.RemoteWebDriver.findElements(RemoteWebDriver.java:353)
	at io.appium.java_client.DefaultGenericMobileDriver.findElements(DefaultGenericMobileDriver.java:53)
	at io.appium.java_client.AppiumDriver.findElements(AppiumDriver.java:179)
	at org.openqa.selenium.remote.RemoteWebDriver.findElementsByXPath(RemoteWebDriver.java:432)
	at io.appium.java_client.DefaultGenericMobileDriver.findElementsByXPath(DefaultGenericMobileDriver.java:155)
	at io.appium.java_client.AppiumDriver.findElementsByXPath(AppiumDriver.java:212)
	at org.openqa.selenium.By$ByXPath.findElements(By.java:348)
	at org.openqa.selenium.remote.RemoteWebDriver.findElements(RemoteWebDriver.java:311)
	at io.appium.java_client.DefaultGenericMobileDriver.findElements(DefaultGenericMobileDriver.java:49)
	at io.appium.java_client.AppiumDriver.findElements(AppiumDriver.java:174)
	at utils.AndroidUtils.Assert(AndroidUtils.java:61)
	at pages.SIgninpage.userOnLoginDashboard(SIgninpage.java:30)
	at steps.Signin_stepDef.userOnLoginDashboard(Signin_stepDef.java:24)
	at sun.reflect.NativeMethodAccessorImpl.invoke0(Native Method)
	at sun.reflect.NativeMethodAccessorImpl.invoke(NativeMethodAccessorImpl.java:62)
	at sun.reflect.DelegatingMethodAccessorImpl.invoke(DelegatingMethodAccessorImpl.java:43)
	at java.lang.reflect.Method.invoke(Method.java:498)
	at cucumber.runtime.Utils$1.call(Utils.java:40)
	at cucumber.runtime.Timeout.timeout(Timeout.java:16)
	at cucumber.runtime.Utils.invoke(Utils.java:34)
	at cucumber.runtime.java.JavaStepDefinition.execute(JavaStepDefinition.java:38)
	at cucumber.runtime.StepDefinitionMatch.runStep(StepDefinitionMatch.java:37)
	at cucumber.runtime.Runtime.runStep(Runtime.java:300)
	at cucumber.runtime.model.StepContainer.runStep(StepContainer.java:44)
	at cucumber.runtime.model.StepContainer.runSteps(StepContainer.java:39)
	at cucumber.runtime.model.CucumberScenario.run(CucumberScenario.java:44)
	at cucumber.runtime.model.CucumberFeature.run(CucumberFeature.java:165)
	at cucumber.api.testng.TestNGCucumberRunner.runCucumber(TestNGCucumberRunner.java:63)
	at runners.TestNGRunner.feature(TestNGRunner.java:48)
	at sun.reflect.NativeMethodAccessorImpl.invoke0(Native Method)
	at sun.reflect.NativeMethodAccessorImpl.invoke(NativeMethodAccessorImpl.java:62)
	at sun.reflect.DelegatingMethodAccessorImpl.invoke(DelegatingMethodAccessorImpl.java:43)
	at java.lang.reflect.Method.invoke(Method.java:498)
	at org.testng.internal.MethodInvocationHelper.invokeMethod(MethodInvocationHelper.java:133)
	at org.testng.internal.TestInvoker.invokeMethod(TestInvoker.java:584)
	at org.testng.internal.TestInvoker.invokeTestMethod(TestInvoker.java:172)
	at org.testng.internal.MethodRunner.runInSequence(MethodRunner.java:46)
	at org.testng.internal.TestInvoker$MethodInvocationAgent.invoke(TestInvoker.java:804)
	at org.testng.internal.TestInvoker.invokeTestMethods(TestInvoker.java:145)
	at org.testng.internal.TestMethodWorker.invokeTestMethods(TestMethodWorker.java:146)
	at org.testng.internal.TestMethodWorker.run(TestMethodWorker.java:128)
	at java.util.ArrayList.forEach(ArrayList.java:1259)
	at org.testng.TestRunner.privateRun(TestRunner.java:770)
	at org.testng.TestRunner.run(TestRunner.java:591)
	at org.testng.SuiteRunner.runTest(SuiteRunner.java:402)
	at org.testng.SuiteRunner.access$000(SuiteRunner.java:41)
	at org.testng.SuiteRunner$SuiteWorker.run(SuiteRunner.java:443)
	at org.testng.internal.thread.ThreadUtil.lambda$execute$0(ThreadUtil.java:67)
	at java.util.concurrent.FutureTask.run(FutureTask.java:266)
	at java.util.concurrent.ThreadPoolExecutor.runWorker(ThreadPoolExecutor.java:1149)
	at java.util.concurrent.ThreadPoolExecutor$Worker.run(ThreadPoolExecutor.java:624)
	at java.lang.Thread.run(Thread.java:750)
]]></system-err>
  </testcase>
</testsuite>